Start testing: Nov 01 19:16 Волгоград (зима)
----------------------------------------------------------
3/3 Testing: lab3_test
3/3 Test: lab3_test
Command: "C:/C++projects/OOP/out/build/GCC 14.2.0 x86_64-w64-mingw32 (ucrt64)/lab3/lab3_test.exe"
Directory: C:/C++projects/OOP/out/build/GCC 14.2.0 x86_64-w64-mingw32 (ucrt64)/lab3
"lab3_test" start time: Nov 01 19:16 Волгоград (зима)
Output:
----------------------------------------------------------
Running main() from C:\C++projects\OOP\out\build\GCC 14.2.0 x86_64-w64-mingw32 (ucrt64)\_deps\googletest-src\googletest\src\gtest_main.cc
[==========] Running 6 tests from 1 test suite.
[----------] Global test environment set-up.
[----------] 6 tests from FigureTest
[ RUN      ] FigureTest.ArrayTotalArea
[       OK ] FigureTest.ArrayTotalArea (0 ms)
[ RUN      ] FigureTest.ArrayTotalAreaWithDeleteElement
[       OK ] FigureTest.ArrayTotalAreaWithDeleteElement (0 ms)
[ RUN      ] FigureTest.TraingleisTrangle
[       OK ] FigureTest.TraingleisTrangle (0 ms)
[ RUN      ] FigureTest.TrangleOutputStream
[       OK ] FigureTest.TrangleOutputStream (0 ms)
[ RUN      ] FigureTest.RhombInputStream
[       OK ] FigureTest.RhombInputStream (0 ms)
[ RUN      ] FigureTest.OktagonOperatorDouble
[       OK ] FigureTest.OktagonOperatorDouble (0 ms)
[----------] 6 tests from FigureTest (2 ms total)

[----------] Global test environment tear-down
[==========] 6 tests from 1 test suite ran. (2 ms total)
[  PASSED  ] 6 tests.
<end of output>
Test time =   0.24 sec
----------------------------------------------------------
Test Passed.
"lab3_test" end time: Nov 01 19:16 Волгоград (зима)
"lab3_test" time elapsed: 00:00:00
----------------------------------------------------------

End testing: Nov 01 19:16 Волгоград (зима)
