<?xml version="1.0" encoding="UTF-8"?>
<Site BuildName="(empty)"
	BuildStamp="20241022-1438-Experimental"
	Name="(empty)"
	Generator="ctest-3.30.3"
	CompilerName=""
	CompilerVersion=""
	OSName="Windows"
	Hostname="HuaweiRomanov"
	OSRelease=" Personal"
	OSVersion=" (Build 22631)"
	OSPlatform="AMD64"
	Is64Bits="1"
	VendorString="GenuineIntel"
	VendorID="Intel Corporation"
	FamilyID="6"
	ModelID="12"
	ProcessorCacheSize="-1"
	NumberOfLogicalCPU="8"
	NumberOfPhysicalCPU="4"
	TotalVirtualMemory="18615"
	TotalPhysicalMemory="16183"
	LogicalProcessorsPerPhysical="2"
	ProcessorClockFrequency="2803"
	>
	<Testing>
		<StartDateTime>Oct 22 20:30 [NON-UTF-8-BYTE-0xC2][NON-UTF-8-BYTE-0xEE][NON-UTF-8-BYTE-0xEB][NON-UTF-8-BYTE-0xE3][NON-UTF-8-BYTE-0xEE][NON-UTF-8-BYTE-0xE3][NON-UTF-8-BYTE-0xF0][NON-UTF-8-BYTE-0xE0][NON-UTF-8-BYTE-0xE4] ([NON-UTF-8-BYTE-0xE7][NON-UTF-8-BYTE-0xE8][NON-UTF-8-BYTE-0xEC][NON-UTF-8-BYTE-0xE0])</StartDateTime>
		<StartTestTime>1729618256</StartTestTime>
		<TestList>
			<Test>./lab2/lab2_test</Test>
		</TestList>
		<Test Status="passed">
			<Name>lab2_test</Name>
			<Path>./lab2</Path>
			<FullName>./lab2/lab2_test</FullName>
			<FullCommandLine>"C:\C++projects\OOP\out\build\GCC 14.2.0 x86_64-w64-mingw32 (ucrt64)\lab2\lab2_test.exe"</FullCommandLine>
			<Results>
				<NamedMeasurement type="numeric/double" name="Execution Time">
					<Value>0.282467</Value>
				</NamedMeasurement>
				<NamedMeasurement type="numeric/double" name="Processors">
					<Value>1</Value>
				</NamedMeasurement>
				<NamedMeasurement type="text/string" name="Completion Status">
					<Value>Completed</Value>
				</NamedMeasurement>
				<NamedMeasurement type="text/string" name="Command Line">
					<Value>"C:\C++projects\OOP\out\build\GCC 14.2.0 x86_64-w64-mingw32 (ucrt64)\lab2\lab2_test.exe"</Value>
				</NamedMeasurement>
				<NamedMeasurement type="text/string" name="Environment">
					<Value>#CTEST_RESOURCE_GROUP_COUNT=</Value>
				</NamedMeasurement>
				<Measurement>
					<Value encoding="base64" compression="gzip">eJyNk1FrwjAQgN/7K+7RIi3qxI3BHqSKDxs6dGMwIxLbW5fRJl1ymfv5a63rVGbtQSCX+/IlIcncSilkDCkXsuXCm1YpBLcsaLczrT4wJMNms0emLLGNFUnEJkEA3b7f8zvwfTNYD/reNm9p7the9aBlQ02DvsvWEWaGxUrFCRIa8owOD1K2S4veuljZD0NneVfFCub7bV1DwZhyX91dAsYKQt9ZelWsYJKoDU/KOsovoZVMUeYskmezE/hIOtIonvLUWcL8eQq7WFWj/jCKBAkl83IZs/v/ytDqQGrcM5KF3ZDmYY3ngKhXBSrNuBZGyfGn5ckZ3QnVVDlV1Mz6CzYVP6AxF6UF1FQ40cgJ9UXnnqvXFpco4xdB76+oVc1N/0GV8OK7KkkgRTxxnWavlpBrL1Jbefwpzn4G0Fz6xwvlh3gcLhbjUXHS/UTf+QF5GDmP====</Value>
				</Measurement>
			</Results>
		</Test>
		<EndDateTime>Oct 22 20:30 [NON-UTF-8-BYTE-0xC2][NON-UTF-8-BYTE-0xEE][NON-UTF-8-BYTE-0xEB][NON-UTF-8-BYTE-0xE3][NON-UTF-8-BYTE-0xEE][NON-UTF-8-BYTE-0xE3][NON-UTF-8-BYTE-0xF0][NON-UTF-8-BYTE-0xE0][NON-UTF-8-BYTE-0xE4] ([NON-UTF-8-BYTE-0xE7][NON-UTF-8-BYTE-0xE8][NON-UTF-8-BYTE-0xEC][NON-UTF-8-BYTE-0xE0])</EndDateTime>
		<EndTestTime>1729618256</EndTestTime>
		<ElapsedMinutes>0</ElapsedMinutes>
	</Testing>
</Site>
